2025-10-22 01:17:32 | WARNING | api_middleware | request_completed | trace_id=df6fbe35-f327-4bee-8a91-a84552a668fa | request_id=f11d5f34-cc46-4210-824e-88ede91242bd | method=POST | path=/api/broadcast | status_code=422 | duration_ms=9.81 | success=False | client_ip=testclient
2025-10-22 01:17:32 | WARNING | api_middleware | request_completed | trace_id=e940d66b-eb67-4fc2-86fe-c376edae3c35 | request_id=bee656f9-55f7-4e96-a390-89336ec285ca | method=POST | path=/api/broadcast | status_code=422 | duration_ms=3.47 | success=False | client_ip=testclient
2025-10-22 01:17:32 | WARNING | api_middleware | request_completed | trace_id=bfb209b2-b26c-4247-b390-5d41426c4088 | request_id=e052bb49-e991-4cc5-91ce-427e5c5741ef | method=POST | path=/api/broadcast | status_code=422 | duration_ms=6.47 | success=False | client_ip=testclient
2025-10-22 01:17:32 | WARNING | api_middleware | request_completed | trace_id=99a54884-d8a2-496a-915d-53b72ffbfe7d | request_id=74e2a9b4-34e6-4b3f-bed8-28370fb4868d | method=POST | path=/api/broadcast | status_code=422 | duration_ms=2.2 | success=False | client_ip=testclient
2025-10-22 01:17:32 | INFO | api_middleware | request_completed | trace_id=ed7f3f84-3d26-490d-bbfe-8aa5607b777a | request_id=5c6025ef-7f4e-46b7-af8e-fb1e7b238398 | method=POST | path=/api/broadcast | status_code=200 | duration_ms=48.1 | success=True | client_ip=testclient
2025-10-22 01:17:32 | WARNING | api_middleware | request_completed | trace_id=4692ae76-4bf0-46b1-b597-041a27615fcb | request_id=d143a756-9f17-4045-bcbd-7afdf7d77f70 | method=POST | path=/api/messages | status_code=422 | duration_ms=66.81 | success=False | client_ip=testclient
2025-10-22 01:17:32 | WARNING | api_middleware | request_completed | trace_id=0845a362-c97f-42d0-9c35-82f43804804b | request_id=18cf5459-3e65-465b-923d-0a1385500713 | method=POST | path=/api/messages | status_code=404 | duration_ms=13.78 | success=False | client_ip=testclient
2025-10-22 01:17:33 | INFO | api_middleware | request_completed | trace_id=ac827db9-d3a0-4954-9420-c573a36aae37 | request_id=bcb07d69-d04d-47ef-a48e-b2352c74406b | method=POST | path=/api/messages | status_code=200 | duration_ms=64.12 | success=True | client_ip=testclient
2025-10-22 01:17:33 | WARNING | api_middleware | request_completed | trace_id=941ea40c-d447-46c5-9408-38d3b9367e2b | request_id=bcb07d69-d04d-47ef-a48e-b2352c74406b | method=POST | path=/api/messages | status_code=409 | duration_ms=15.07 | success=False | client_ip=testclient
2025-10-22 01:17:33 | WARNING | api_middleware | request_completed | trace_id=efdc650c-2909-4b11-b567-33a8fa3738e3 | request_id=04cfbcee-61e0-49de-82d5-395668bfbf62 | method=POST | path=/api/messages | status_code=404 | duration_ms=8.02 | success=False | client_ip=testclient
2025-10-22 01:17:33 | INFO | api_middleware | request_completed | trace_id=59d439e3-476f-408f-b62b-f8509465a504 | method=GET | path=/healthz | status_code=200 | duration_ms=2.49 | success=True | client_ip=testclient
2025-10-22 01:17:33 | ERROR | api_middleware | request_completed | trace_id=0e843f24-1e9f-462f-8496-d946da9be99b | method=GET | path=/healthz | status_code=503 | duration_ms=2.18 | success=False | client_ip=testclient
2025-10-22 01:17:33 | INFO | api_middleware | request_completed | trace_id=a3d868fc-9df9-4093-9407-e69b81d79ae6 | method=GET | path=/healthz | status_code=200 | duration_ms=3.4 | success=True | client_ip=testclient
2025-10-22 01:17:33 | INFO | api_middleware | request_completed | trace_id=cec92c16-408e-4234-b16d-cc211ee3d556 | method=GET | path=/healthz | status_code=200 | duration_ms=2.75 | success=True | client_ip=testclient
2025-10-22 01:17:33 | INFO | api_middleware | request_completed | trace_id=8ff7555b-3691-41f9-924d-df47d4386551 | method=GET | path=/ready | status_code=200 | duration_ms=1.01 | success=True | client_ip=testclient
2025-10-22 01:17:33 | INFO | api_middleware | request_completed | trace_id=faaf7eae-eb00-4a8e-8b52-efc66c46ebd7 | method=GET | path=/ready | status_code=200 | duration_ms=1.26 | success=True | client_ip=testclient
2025-10-22 01:17:33 | INFO | api_middleware | request_completed | trace_id=4fe53311-8a52-4106-ab55-95b60b1cc770 | method=GET | path=/live | status_code=200 | duration_ms=0.97 | success=True | client_ip=testclient
2025-10-22 01:17:33 | INFO | api_middleware | request_completed | trace_id=ae1fbe6b-1131-45d9-aca3-2ae61f092660 | method=GET | path=/live | status_code=200 | duration_ms=1.15 | success=True | client_ip=testclient
2025-10-22 01:17:33 | INFO | api_middleware | request_completed | trace_id=4a7b4852-71f1-4587-bdcd-0532ec200d6f | method=GET | path=/healthz | status_code=200 | duration_ms=2.81 | success=True | client_ip=testclient
2025-10-22 01:17:33 | INFO | api_middleware | request_completed | trace_id=a575dd85-b703-4f21-b577-24644af2b391 | method=GET | path=/healthz | status_code=200 | duration_ms=9.15 | success=True | client_ip=testclient
2025-10-22 01:17:33 | INFO | api_middleware | request_completed | trace_id=216fccf2-bd57-4b59-9855-e3c823badb14 | method=GET | path=/healthz | status_code=200 | duration_ms=4.12 | success=True | client_ip=testclient
2025-10-22 01:17:33 | INFO | api_middleware | request_completed | trace_id=2569d3aa-084b-4f3c-99c0-04e0b05c4729 | method=GET | path=/healthz | status_code=200 | duration_ms=2.94 | success=True | client_ip=testclient
2025-10-22 01:17:33 | INFO | api_middleware | request_completed | trace_id=063ceb15-67c3-4614-966a-fe5f647f03ff | method=GET | path=/healthz | status_code=200 | duration_ms=3.48 | success=True | client_ip=testclient
2025-10-22 01:17:33 | INFO | api_middleware | request_completed | trace_id=633f70ad-84b4-4e61-a134-f64131fcc335 | method=GET | path=/healthz | status_code=200 | duration_ms=3.43 | success=True | client_ip=testclient
2025-10-22 01:17:33 | INFO | api_middleware | request_completed | trace_id=d5d5dea6-8667-4d7e-aca8-069bce3c71d2 | method=GET | path=/healthz | status_code=200 | duration_ms=3.82 | success=True | client_ip=testclient
2025-10-22 01:17:33 | WARNING | api_middleware | request_completed | trace_id=d0885804-b88c-42b2-864b-c0fd38de4271 | request_id=ce8e2b87-2352-402f-9d22-3125983aa769 | method=POST | path=/api/messages | status_code=422 | duration_ms=2.07 | success=False | client_ip=testclient
2025-10-22 01:17:33 | WARNING | api_middleware | request_completed | trace_id=602074f0-761d-43a1-864d-71ac0f39b55c | request_id=7d12bd8a-cd63-4a03-a8fd-74c2b2bd4776 | method=POST | path=/api/messages | status_code=422 | duration_ms=1.43 | success=False | client_ip=testclient
2025-10-22 01:17:33 | WARNING | api_middleware | request_completed | trace_id=29a401b5-5797-40e7-ac74-05cbe75fbc90 | request_id=0aff9661-2d84-4aaf-8cbc-01ee8987d5be | method=POST | path=/api/messages | status_code=422 | duration_ms=2.02 | success=False | client_ip=testclient
2025-10-22 01:17:33 | WARNING | api_middleware | request_completed | trace_id=c50bcb38-1708-419f-a7c8-73d82c82f045 | request_id=e81fc1e4-e306-4ad4-982f-6d0b55e764dd | method=POST | path=/api/messages | status_code=422 | duration_ms=1.55 | success=False | client_ip=testclient
2025-10-22 01:17:33 | WARNING | api_middleware | request_completed | trace_id=a7bce6b9-31db-4362-9d45-34daada37d4e | method=POST | path=/api/messages | status_code=422 | duration_ms=1.64 | success=False | client_ip=testclient
2025-10-22 01:17:33 | WARNING | api_middleware | request_completed | trace_id=d4037944-a316-4a55-be0a-e8cafc294794 | request_id=invalid@#$% | method=POST | path=/api/messages | status_code=422 | duration_ms=4.4 | success=False | client_ip=testclient
2025-10-22 01:17:33 | WARNING | api_middleware | request_completed | trace_id=c180fec6-a839-4f30-a2e1-56f14eb60578 | request_id=invalid request id | method=POST | path=/api/messages | status_code=422 | duration_ms=1.71 | success=False | client_ip=testclient
2025-10-22 01:17:33 | WARNING | api_middleware | request_completed | trace_id=4e8063de-17a0-4ce5-8349-41a8ae805087 | request_id=b244163c-6b25-4fe0-b558-b0546cade30d | method=POST | path=/api/messages | status_code=422 | duration_ms=3.94 | success=False | client_ip=testclient
2025-10-22 01:17:33 | WARNING | api_middleware | request_completed | trace_id=0d65be88-31be-4733-b235-60ae76d3605e | request_id=xxxxxxxxxxxxxxxxxxxxxxxxxxxxxxxxxxxxxxxxxxxxxxxxxxxxxxxxxxxxxxxxxxxxxxxxxxxxxxxxxxxxxxxxxxxxxxxxxxxxxxxxxxxxxxxxxxxxxxxxxxxxxxxxx | method=POST | path=/api/messages | status_code=422 | duration_ms=1.53 | success=False | client_ip=testclient
2025-10-22 01:17:33 | WARNING | api_middleware | request_completed | trace_id=a4740f8c-5d87-475d-a5f2-7456a39b17ff | request_id=51003b9a-2899-45db-b9eb-fd348b2d926f | method=POST | path=/api/messages | status_code=422 | duration_ms=4.97 | success=False | client_ip=testclient
2025-10-22 01:17:33 | INFO | api_middleware | request_completed | trace_id=49371d03-e38d-4144-afb5-2a93134f4c77 | request_id=d698fc33-133a-46de-b3fc-2655b74ff8bd | method=POST | path=/api/messages | status_code=200 | duration_ms=61.27 | success=True | client_ip=testclient
2025-10-22 01:17:34 | WARNING | api_middleware | request_completed | trace_id=39af915a-e333-495e-b948-bfaa4d385623 | request_id=d2d46fb2-662d-4697-afd8-c1c79251011a | method=POST | path=/api/messages | status_code=422 | duration_ms=6.84 | success=False | client_ip=testclient
2025-10-22 01:17:34 | INFO | api_middleware | request_completed | trace_id=901c9c35-b3bc-4f3f-9bcb-d80e0b91fcb7 | request_id=9550f010-9e46-4845-8b54-06c04d381fa6 | method=POST | path=/api/messages | status_code=200 | duration_ms=58.47 | success=True | client_ip=testclient
2025-10-22 01:17:34 | INFO | api_middleware | request_completed | trace_id=9609e4b6-42e8-4bff-bcbc-24c51dd3a51a | request_id=747ffeba-eefc-4261-85ef-f07051d82a56 | method=POST | path=/api/messages | status_code=200 | duration_ms=48.56 | success=True | client_ip=testclient
2025-10-22 01:17:34 | WARNING | api_middleware | request_completed | trace_id=5b3949df-7cec-415c-bf5d-f8d35337c173 | request_id=46310dea-c35b-4bcb-ac44-c52c51b3af9f | method=POST | path=/api/messages | status_code=401 | duration_ms=6.82 | success=False | client_ip=testclient
2025-10-22 01:17:34 | WARNING | api_middleware | request_completed | trace_id=40a1a3fd-4bd3-484e-a1be-c2cd4289e13a | request_id=9533cd29-6d9f-42ce-b9c7-68ef4a493a49 | method=POST | path=/api/messages | status_code=404 | duration_ms=6.01 | success=False | client_ip=testclient
2025-10-22 01:17:34 | WARNING | api_middleware | request_completed | trace_id=502fe527-7aad-4feb-8c20-4ac3a606aa95 | request_id=685f3454-a909-4045-ad66-235740c34f9d | method=POST | path=/api/messages | status_code=404 | duration_ms=5.99 | success=False | client_ip=testclient
2025-10-22 01:17:34 | INFO | api_middleware | request_completed | trace_id=c275adf6-ade4-4edd-b4d3-737d08d6be68 | request_id=6abdf4e6-0af0-4bc8-9f06-32e7bb98fdc5 | method=POST | path=/api/messages | status_code=200 | duration_ms=48.73 | success=True | client_ip=testclient
2025-10-22 01:17:34 | INFO | api_middleware | request_completed | trace_id=6d495b46-6ee6-492d-a250-1150f772532e | request_id=16d361ee-1545-4a0c-b5dc-0ac32a4d6870 | method=POST | path=/api/messages | status_code=200 | duration_ms=50.64 | success=True | client_ip=testclient
2025-10-22 01:17:34 | WARNING | api_middleware | request_completed | trace_id=fc29f222-7aea-46d0-a3f2-5aed462e1e1f | request_id=16d361ee-1545-4a0c-b5dc-0ac32a4d6870 | method=POST | path=/api/messages | status_code=409 | duration_ms=15.15 | success=False | client_ip=testclient
2025-10-22 01:17:34 | INFO | api_middleware | request_completed | trace_id=49877620-9fa9-45f5-8f11-3852b6810c6e | request_id=5ddaf341-4bbd-45dd-a0a8-5bd65838a75b | method=POST | path=/api/messages | status_code=200 | duration_ms=54.15 | success=True | client_ip=testclient
2025-10-22 01:17:34 | WARNING | api_middleware | request_completed | trace_id=b524e427-381c-470f-943f-43c8f9b46c9e | request_id=5ddaf341-4bbd-45dd-a0a8-5bd65838a75b | method=POST | path=/api/messages | status_code=409 | duration_ms=17.67 | success=False | client_ip=testclient
2025-10-22 01:17:34 | INFO | api_middleware | request_completed | trace_id=0cfd1521-3b2c-419c-b0e0-db495bbc3040 | request_id=7a7ffb89-7d8f-402f-b7ef-ac7794b55829 | method=POST | path=/api/messages | status_code=200 | duration_ms=55.23 | success=True | client_ip=testclient
2025-10-22 01:17:34 | WARNING | api_middleware | request_completed | trace_id=60f35628-4f92-4621-82d8-653a09c4546d | request_id=7a7ffb89-7d8f-402f-b7ef-ac7794b55829 | method=POST | path=/api/messages | status_code=409 | duration_ms=16.75 | success=False | client_ip=testclient
2025-10-22 01:17:34 | WARNING | api_middleware | request_completed | trace_id=bde5a4cc-990d-4b4e-900b-f3933f602341 | request_id=7a7ffb89-7d8f-402f-b7ef-ac7794b55829 | method=POST | path=/api/messages | status_code=409 | duration_ms=17.05 | success=False | client_ip=testclient
2025-10-22 01:17:34 | WARNING | api_middleware | request_completed | trace_id=62ea28f6-87c8-406c-ac24-9bfb4580cd37 | request_id=7a7ffb89-7d8f-402f-b7ef-ac7794b55829 | method=POST | path=/api/messages | status_code=409 | duration_ms=18.66 | success=False | client_ip=testclient
2025-10-22 01:17:34 | WARNING | api_middleware | request_completed | trace_id=2c6a38ba-3c84-4f31-9078-14d58573412c | request_id=7a7ffb89-7d8f-402f-b7ef-ac7794b55829 | method=POST | path=/api/messages | status_code=409 | duration_ms=18.0 | success=False | client_ip=testclient
2025-10-22 01:17:34 | INFO | api_middleware | request_completed | trace_id=c8885731-7885-4471-a9e0-63c2aaf6bc32 | request_id=daa03173-ff8f-4b1a-8ba8-6bc9106115f2 | method=POST | path=/web/messages | status_code=200 | duration_ms=83.92 | success=True | client_ip=testclient
2025-10-22 01:17:34 | INFO | api_middleware | request_completed | trace_id=88d31ce2-0e1a-4b38-924f-ddf21d68a6a9 | request_id=85d9240c-1d9c-454d-891a-3af41c36d607 | method=POST | path=/app/messages | status_code=200 | duration_ms=56.48 | success=True | client_ip=testclient
2025-10-22 01:17:35 | INFO | api_middleware | request_completed | trace_id=d3105db4-a7a0-495f-a2e8-88aae814acdd | request_id=2ed77100-ece2-4f75-9eae-d6ddceaae917 | method=POST | path=/api/messages | status_code=200 | duration_ms=64.87 | success=True | client_ip=testclient
2025-10-22 01:17:35 | INFO | api_middleware | request_completed | trace_id=cc0f3859-4ab7-4f6d-88ea-68b5ccd8495a | request_id=ba93b311-6bab-4e8c-adad-9f43af8f8373 | method=POST | path=/api/messages | status_code=200 | duration_ms=60.97 | success=True | client_ip=testclient
2025-10-22 01:17:35 | INFO | api_middleware | request_completed | trace_id=06824903-8c7c-4d26-9bb2-e4f8a66707d5 | request_id=cc771616-51af-43bc-99b2-88826ce412bd | method=POST | path=/api/messages | status_code=200 | duration_ms=62.12 | success=True | client_ip=testclient
2025-10-22 01:17:35 | INFO | api_middleware | request_completed | trace_id=522effdc-69d7-4136-b57f-ac418cfdfb23 | request_id=6924715d-eeaa-4bc6-937b-09ac6e03308b | method=POST | path=/api/messages | status_code=200 | duration_ms=57.17 | success=True | client_ip=testclient
2025-10-22 01:17:35 | WARNING | api_middleware | request_completed | trace_id=9b2e6ba0-ae34-4f6c-9a23-fabd1d9c02fa | request_id=ae5bcb81-54d5-496d-82cd-f128be608873 | method=POST | path=/api/messages | status_code=404 | duration_ms=7.54 | success=False | client_ip=testclient
2025-10-22 01:17:35 | WARNING | api_middleware | request_completed | trace_id=cb93872b-7c77-47ba-a12b-ab47f0645d37 | request_id=01d57352-3dc9-4a55-a4f6-75ac765afb8e | method=POST | path=/api/messages | status_code=404 | duration_ms=6.51 | success=False | client_ip=testclient
2025-10-22 01:17:35 | INFO | api_middleware | request_completed | trace_id=f5f599df-c9cd-4f94-ae23-864139f4d918 | request_id=441605c9-5981-405b-aa9d-d458576f7d86 | method=POST | path=/api/messages | status_code=200 | duration_ms=51.96 | success=True | client_ip=testclient
2025-10-22 01:17:35 | INFO | api_middleware | request_completed | trace_id=ecdbfcc6-1111-4e96-9445-dcac03affa77 | request_id=500e76a0-7f2b-4ae9-a5c7-94740a446bc3 | method=POST | path=/api/messages | status_code=200 | duration_ms=69.81 | success=True | client_ip=testclient
2025-10-22 01:17:35 | INFO | api_middleware | request_completed | trace_id=bdabd276-fdcd-4495-aaec-2d3995c93450 | request_id=1887d3cc-74c4-4a16-98c1-0fe1962ffff1 | method=POST | path=/api/messages | status_code=200 | duration_ms=61.17 | success=True | client_ip=testclient
2025-10-22 01:17:35 | INFO | api_middleware | request_completed | trace_id=5c2f6599-dc6d-45c3-b4f7-0e50fdcf82c0 | request_id=af035f6d-20fa-4844-9fd4-3a9538c090d6 | method=POST | path=/api/messages | status_code=200 | duration_ms=55.16 | success=True | client_ip=testclient
2025-10-22 01:17:35 | INFO | api_middleware | request_completed | trace_id=1fe9b0ef-883b-49b2-8498-0cb3b5c4a5ab | request_id=88e0b948-6def-4b83-ba13-8b1b8571a60e | method=POST | path=/api/messages | status_code=200 | duration_ms=56.64 | success=True | client_ip=testclient
2025-10-22 01:17:35 | INFO | api_middleware | request_completed | trace_id=649a86ff-7e22-46ed-be4c-4182c9f39a6c | request_id=c52fef76-529f-4103-a687-a19c4151e406 | method=POST | path=/api/messages | status_code=200 | duration_ms=51.49 | success=True | client_ip=testclient
2025-10-22 01:17:35 | INFO | api_middleware | request_completed | trace_id=bfdd23f2-fe34-4c39-8e1d-d69ab610c48b | request_id=423856c0-9f1a-4376-b504-14ee93b8c93c | method=POST | path=/api/messages | status_code=200 | duration_ms=46.02 | success=True | client_ip=testclient
2025-10-22 01:17:36 | INFO | api_middleware | request_completed | trace_id=dadb9fdb-917c-4795-a67e-c1b77858be7d | request_id=7b8267c9-274d-4ebc-9d6a-b397c375a9fb | method=POST | path=/api/messages | status_code=200 | duration_ms=50.08 | success=True | client_ip=testclient
2025-10-22 01:17:36 | INFO | api_middleware | request_completed | trace_id=c0bfab15-333c-4442-b1fd-7da8fbea9cf1 | request_id=d8476791-b278-426f-b6fe-3b1e5d84b1a8 | method=POST | path=/api/whatsapp/messages | status_code=200 | duration_ms=56.22 | success=True | client_ip=testclient
2025-10-22 01:17:36 | INFO | api_middleware | request_completed | trace_id=10a55e3c-6c27-487e-aff9-3a25576ea48c | request_id=0667749f-a63c-45e3-b290-7a9dee4ba80f | method=POST | path=/api/whatsapp/messages | status_code=200 | duration_ms=57.54 | success=True | client_ip=testclient
2025-10-22 01:17:36 | INFO | api_middleware | request_completed | trace_id=40a56b9b-8220-4c24-8852-5abc6e34bf9b | request_id=f7a6a1b2-396d-46da-8af6-e77faf749434 | method=POST | path=/api/whatsapp/messages | status_code=200 | duration_ms=54.31 | success=True | client_ip=testclient
2025-10-22 01:17:36 | INFO | api_middleware | request_completed | trace_id=99cc61f7-5f19-40f9-951f-c401545cf259 | request_id=d8cb1f39-89f3-41e2-8685-c32b7f694784 | method=POST | path=/api/whatsapp/messages | status_code=200 | duration_ms=48.78 | success=True | client_ip=testclient
2025-10-22 01:17:36 | INFO | api_middleware | request_completed | trace_id=54d71c8d-6272-46e2-b889-6cd51c4d6b9a | request_id=0ebf304d-93c9-4ca0-a798-5b752d6fd05a | method=POST | path=/api/whatsapp/messages | status_code=200 | duration_ms=54.69 | success=True | client_ip=testclient
2025-10-22 01:17:36 | INFO | api_middleware | request_completed | trace_id=f540c56a-be5c-4b9d-82a0-10e8f884a9b9 | request_id=7a98d5f1-44d7-4cd7-a71c-e90406e8f1d7 | method=POST | path=/api/whatsapp/messages | status_code=200 | duration_ms=48.58 | success=True | client_ip=testclient
2025-10-22 01:17:36 | WARNING | api_middleware | request_completed | trace_id=6e74347d-5e63-43fb-8fb3-06e52cf2197b | request_id=faba9ef5-da0a-4c8b-9e1f-f94174793ec9 | method=POST | path=/api/whatsapp/messages | status_code=422 | duration_ms=2.66 | success=False | client_ip=testclient
2025-10-22 01:17:36 | WARNING | api_middleware | request_completed | trace_id=30439132-10fd-47b2-bfaf-0202e034a393 | request_id=639aa85c-9d46-49a6-8ea7-b924f982e001 | method=POST | path=/api/whatsapp/messages | status_code=422 | duration_ms=2.46 | success=False | client_ip=testclient
2025-10-22 01:17:36 | WARNING | api_middleware | request_completed | trace_id=dbc169d5-ed01-4e14-8d89-41fe668f5dc8 | request_id=4d484ca3-7781-4cbb-bdda-a285ca63955c | method=POST | path=/api/whatsapp/messages | status_code=422 | duration_ms=2.31 | success=False | client_ip=testclient
2025-10-22 01:17:36 | INFO | api_middleware | request_completed | trace_id=395c9e85-5222-44eb-992d-d912240ffa4c | request_id=e91a33b4-faec-49b6-a34a-cf10e49cfbca | method=POST | path=/api/whatsapp/messages | status_code=200 | duration_ms=55.08 | success=True | client_ip=testclient
2025-10-22 01:17:36 | INFO | api_middleware | request_completed | trace_id=bbd83939-4068-494a-83d9-7e97b0bb566b | request_id=9ae13917-7e54-4805-b852-c83193a93890 | method=POST | path=/api/whatsapp/messages | status_code=200 | duration_ms=54.85 | success=True | client_ip=testclient
2025-10-22 01:17:36 | WARNING | api_middleware | request_completed | trace_id=853c590b-39b6-4784-b549-fd165e9cb9a3 | request_id=e86d7e73-91e5-4cca-bb28-3ccc71ffdc28 | method=POST | path=/api/whatsapp/messages | status_code=404 | duration_ms=5.27 | success=False | client_ip=testclient
2025-10-22 01:17:36 | INFO | api_middleware | request_completed | trace_id=c7a137e3-c83e-44c5-a328-4cb4a6bba070 | request_id=41389816-50de-4bb1-bda5-0ca8b1b5ca53 | method=POST | path=/api/whatsapp/messages | status_code=200 | duration_ms=59.94 | success=True | client_ip=testclient
2025-10-22 01:17:36 | INFO | api_middleware | request_completed | trace_id=86503cc5-a4b6-4663-8713-5a33d656a0e2 | request_id=67373a02-56a7-4e6a-aba3-13d4e4f2520d | method=POST | path=/api/whatsapp/messages | status_code=200 | duration_ms=55.66 | success=True | client_ip=testclient
2025-10-22 01:17:36 | INFO | api_middleware | request_completed | trace_id=506e6489-7fe4-4e46-9759-f7ffa36d15b2 | request_id=86bb0132-e348-491f-8897-74db527fdcf0 | method=POST | path=/api/whatsapp/messages | status_code=200 | duration_ms=52.66 | success=True | client_ip=testclient
2025-10-22 01:17:37 | INFO | api_middleware | request_completed | trace_id=f924227a-3ac4-4761-a3f4-1c7bc17db787 | request_id=82532796-a6ae-47bd-8971-164de9a112eb | method=POST | path=/api/whatsapp/messages | status_code=200 | duration_ms=47.16 | success=True | client_ip=testclient
2025-10-22 01:17:37 | INFO | api_middleware | request_completed | trace_id=afa68162-f187-4d5a-930a-6ef73b9fc076 | request_id=79146ac8-50a3-415d-ab8c-b268a33044e9 | method=POST | path=/api/whatsapp/messages | status_code=200 | duration_ms=71.24 | success=True | client_ip=testclient
2025-10-22 01:17:37 | INFO | api_middleware | request_completed | trace_id=5b21ac36-c074-4358-9abe-d5b242024e6b | request_id=cb47188b-f805-4ae4-b8f9-37a81b21cbe4 | method=POST | path=/api/whatsapp/messages | status_code=200 | duration_ms=90.89 | success=True | client_ip=testclient
