2025-10-04 12:09:46 | INFO | idempotency_lock | Lock acquired | idempotency_key=d4d30587b242fa45298777e7692655775b16292a0a848e6fdeb0bffdd2d61453
2025-10-04 12:09:46 | INFO | idempotency_lock | Released lock | idempotency_key=d4d30587b242fa45298777e7692655775b16292a0a848e6fdeb0bffdd2d61453
2025-10-04 12:09:46 | INFO | idempotency_lock | Lock acquired | idempotency_key=0f0fd4e28d73e1b2da38b45b12890faca09e42e70c2b7ab2dd5d1c823f55a8c1
2025-10-04 12:09:46 | INFO | idempotency_lock | Released lock | idempotency_key=0f0fd4e28d73e1b2da38b45b12890faca09e42e70c2b7ab2dd5d1c823f55a8c1
2025-10-04 12:27:51 | INFO | idempotency_lock | Lock acquired | idempotency_key=4985d2f893bb2885d1b497f13079f2ab045e9d0a6a606acaaa797c70c16661fb
2025-10-04 12:27:51 | INFO | idempotency_lock | Released lock | idempotency_key=4985d2f893bb2885d1b497f13079f2ab045e9d0a6a606acaaa797c70c16661fb
2025-10-04 12:27:51 | INFO | idempotency_lock | Lock acquired | idempotency_key=d479018e8d84c6a5903229cb64e3fb75962be5d00d86c6cb7e2f580f513b62f5
2025-10-04 12:27:51 | INFO | idempotency_lock | Released lock | idempotency_key=d479018e8d84c6a5903229cb64e3fb75962be5d00d86c6cb7e2f580f513b62f5
2025-10-04 12:30:14 | INFO | idempotency_lock | Lock acquired | idempotency_key=6532a967a1e8cc14a6dff66e5d5ebd84de2072c5262d953fdd5d615f2fae79bd
2025-10-04 12:30:14 | INFO | idempotency_lock | Released lock | idempotency_key=6532a967a1e8cc14a6dff66e5d5ebd84de2072c5262d953fdd5d615f2fae79bd
2025-10-04 12:30:14 | INFO | idempotency_lock | Lock acquired | idempotency_key=76beb2eb35a941b74e813f9f28a00fd7d4de58605f60d89d42a866e8d6af2c5a
2025-10-04 12:30:14 | INFO | idempotency_lock | Released lock | idempotency_key=76beb2eb35a941b74e813f9f28a00fd7d4de58605f60d89d42a866e8d6af2c5a
2025-10-04 12:31:49 | INFO | idempotency_lock | Lock acquired | idempotency_key=52e4c38c066afe6de42deffb3281722d94d2dd31f1a389cf936a46aa9351e4d1
2025-10-04 12:31:49 | INFO | idempotency_lock | Released lock | idempotency_key=52e4c38c066afe6de42deffb3281722d94d2dd31f1a389cf936a46aa9351e4d1
2025-10-04 12:31:49 | INFO | idempotency_lock | Lock acquired | idempotency_key=74a9ce4209ad2811166ab89362fac8cc71009a09ea673ff0e1383de38e98d9ed
2025-10-04 12:31:49 | INFO | idempotency_lock | Released lock | idempotency_key=74a9ce4209ad2811166ab89362fac8cc71009a09ea673ff0e1383de38e98d9ed
2025-10-04 12:34:00 | INFO | idempotency_lock | Lock acquired | idempotency_key=5decc3fe7e529f0adde3f178ac015c87286223c18ecebd9b06124d3b42cd61e4
2025-10-04 12:34:00 | INFO | idempotency_lock | Released lock | idempotency_key=5decc3fe7e529f0adde3f178ac015c87286223c18ecebd9b06124d3b42cd61e4
2025-10-04 12:34:00 | INFO | idempotency_lock | Lock acquired | idempotency_key=a6dffac77dc5855a800efe8d71501496b6049a7fcd8170d5fa4dffc1f8486796
2025-10-04 12:34:00 | INFO | idempotency_lock | Released lock | idempotency_key=a6dffac77dc5855a800efe8d71501496b6049a7fcd8170d5fa4dffc1f8486796
2025-10-04 12:36:48 | INFO | idempotency_lock | Lock acquired | idempotency_key=test-basic-d2a4ad8d-5bcd-4ea4-9bd7-fdf27722c923
2025-10-04 12:36:48 | INFO | idempotency_lock | Released lock | idempotency_key=test-basic-d2a4ad8d-5bcd-4ea4-9bd7-fdf27722c923
2025-10-04 12:36:48 | WARNING | idempotency_lock | Lock exists for key, concurrent request in progress | idempotency_key=test-basic-d2a4ad8d-5bcd-4ea4-9bd7-fdf27722c923
2025-10-04 12:36:48 | INFO | idempotency_lock | Released lock | idempotency_key=test-basic-d2a4ad8d-5bcd-4ea4-9bd7-fdf27722c923
2025-10-04 12:36:48 | INFO | idempotency_lock | Lock acquired | idempotency_key=test-concurrent-bd3fc889-fdf8-4705-b707-1a63520b8e2d
2025-10-04 12:36:48 | INFO | idempotency_lock | Released lock | idempotency_key=test-concurrent-bd3fc889-fdf8-4705-b707-1a63520b8e2d
2025-10-04 12:36:48 | WARNING | idempotency_lock | Lock exists for key, concurrent request in progress | idempotency_key=test-concurrent-bd3fc889-fdf8-4705-b707-1a63520b8e2d
2025-10-04 12:36:48 | INFO | idempotency_lock | Released lock | idempotency_key=test-concurrent-bd3fc889-fdf8-4705-b707-1a63520b8e2d
2025-10-04 12:36:48 | INFO | idempotency_lock | Lock acquired | idempotency_key=test-consecutive-1-085d3359-1d2d-4d48-87b6-2c774a2183ba
2025-10-04 12:36:48 | INFO | idempotency_lock | Released lock | idempotency_key=test-consecutive-1-085d3359-1d2d-4d48-87b6-2c774a2183ba
2025-10-04 12:36:48 | INFO | idempotency_lock | Lock acquired | idempotency_key=test-consecutive-2-b2fc1ac8-2f23-4c55-a96d-9e7b68476196
2025-10-04 12:36:48 | INFO | idempotency_lock | Released lock | idempotency_key=test-consecutive-2-b2fc1ac8-2f23-4c55-a96d-9e7b68476196
2025-10-04 12:36:48 | WARNING | idempotency_lock | Lock exists for key, concurrent request in progress | idempotency_key=test-consecutive-1-085d3359-1d2d-4d48-87b6-2c774a2183ba
2025-10-04 12:36:48 | INFO | idempotency_lock | Released lock | idempotency_key=test-consecutive-1-085d3359-1d2d-4d48-87b6-2c774a2183ba
2025-10-04 12:36:48 | INFO | idempotency_lock | Lock acquired | idempotency_key=433d195952340a6191964bf0dc89e22db0173979c99224913240ccdd00c965a8
2025-10-04 12:36:48 | INFO | idempotency_lock | Released lock | idempotency_key=433d195952340a6191964bf0dc89e22db0173979c99224913240ccdd00c965a8
2025-10-04 13:01:18 | INFO | idempotency_lock | Lock acquired | idempotency_key=test-basic-a7dda2d6-1d72-49e3-bfe4-146938d578e9
2025-10-04 13:01:18 | INFO | idempotency_lock | Released lock | idempotency_key=test-basic-a7dda2d6-1d72-49e3-bfe4-146938d578e9
2025-10-04 13:01:18 | WARNING | idempotency_lock | Lock exists for key, concurrent request in progress | idempotency_key=test-basic-a7dda2d6-1d72-49e3-bfe4-146938d578e9
2025-10-04 13:01:18 | INFO | idempotency_lock | Released lock | idempotency_key=test-basic-a7dda2d6-1d72-49e3-bfe4-146938d578e9
2025-10-04 13:01:18 | INFO | idempotency_lock | Lock acquired | idempotency_key=test-concurrent-63dbe45f-0541-4411-a277-611a3631fdfb
2025-10-04 13:01:18 | INFO | idempotency_lock | Released lock | idempotency_key=test-concurrent-63dbe45f-0541-4411-a277-611a3631fdfb
2025-10-04 13:01:18 | WARNING | idempotency_lock | Lock exists for key, concurrent request in progress | idempotency_key=test-concurrent-63dbe45f-0541-4411-a277-611a3631fdfb
2025-10-04 13:01:18 | INFO | idempotency_lock | Released lock | idempotency_key=test-concurrent-63dbe45f-0541-4411-a277-611a3631fdfb
2025-10-04 13:01:18 | INFO | idempotency_lock | Lock acquired | idempotency_key=test-consecutive-1-fc33581b-a60f-43d9-b02b-0fcac462def6
2025-10-04 13:01:18 | INFO | idempotency_lock | Released lock | idempotency_key=test-consecutive-1-fc33581b-a60f-43d9-b02b-0fcac462def6
2025-10-04 13:01:18 | INFO | idempotency_lock | Lock acquired | idempotency_key=test-consecutive-2-f1d8af4b-587b-4cb3-9683-2c654695dcae
2025-10-04 13:01:18 | INFO | idempotency_lock | Released lock | idempotency_key=test-consecutive-2-f1d8af4b-587b-4cb3-9683-2c654695dcae
2025-10-04 13:01:18 | WARNING | idempotency_lock | Lock exists for key, concurrent request in progress | idempotency_key=test-consecutive-1-fc33581b-a60f-43d9-b02b-0fcac462def6
2025-10-04 13:01:18 | INFO | idempotency_lock | Released lock | idempotency_key=test-consecutive-1-fc33581b-a60f-43d9-b02b-0fcac462def6
2025-10-04 13:01:18 | INFO | idempotency_lock | Lock acquired | idempotency_key=08141633dd9766d9ad12a4895d8748b33d1ce37ea6130fc44d4b94410c211959
2025-10-04 13:01:18 | INFO | idempotency_lock | Released lock | idempotency_key=08141633dd9766d9ad12a4895d8748b33d1ce37ea6130fc44d4b94410c211959
2025-10-04 13:08:07 | INFO | idempotency_lock | Lock acquired | idempotency_key=test-basic-371969fb-888b-4e04-bc6e-65a15a6f7881
2025-10-04 13:08:07 | INFO | idempotency_lock | Released lock | idempotency_key=test-basic-371969fb-888b-4e04-bc6e-65a15a6f7881
2025-10-04 13:08:07 | INFO | idempotency_lock | Found processed message, returning cached result | idempotency_key=test-basic-371969fb-888b-4e04-bc6e-65a15a6f7881
2025-10-04 13:08:07 | INFO | idempotency_lock | Released lock | idempotency_key=test-basic-371969fb-888b-4e04-bc6e-65a15a6f7881
2025-10-04 13:08:07 | INFO | idempotency_lock | Lock acquired | idempotency_key=test-concurrent-e77ee272-c082-4be3-b2a0-d9a9321352f0
2025-10-04 13:08:07 | INFO | idempotency_lock | Released lock | idempotency_key=test-concurrent-e77ee272-c082-4be3-b2a0-d9a9321352f0
2025-10-04 13:08:07 | INFO | idempotency_lock | Found processed message, returning cached result | idempotency_key=test-concurrent-e77ee272-c082-4be3-b2a0-d9a9321352f0
2025-10-04 13:08:07 | INFO | idempotency_lock | Released lock | idempotency_key=test-concurrent-e77ee272-c082-4be3-b2a0-d9a9321352f0
2025-10-04 13:08:07 | INFO | idempotency_lock | Lock acquired | idempotency_key=test-consecutive-1-335111be-4dfd-4d47-9d45-8dea95d1f55c
2025-10-04 13:08:07 | INFO | idempotency_lock | Released lock | idempotency_key=test-consecutive-1-335111be-4dfd-4d47-9d45-8dea95d1f55c
2025-10-04 13:08:07 | INFO | idempotency_lock | Lock acquired | idempotency_key=test-consecutive-2-c5651911-ef90-4627-af35-1d70b6878882
2025-10-04 13:08:07 | INFO | idempotency_lock | Released lock | idempotency_key=test-consecutive-2-c5651911-ef90-4627-af35-1d70b6878882
2025-10-04 13:08:07 | INFO | idempotency_lock | Found processed message, returning cached result | idempotency_key=test-consecutive-1-335111be-4dfd-4d47-9d45-8dea95d1f55c
2025-10-04 13:08:07 | INFO | idempotency_lock | Released lock | idempotency_key=test-consecutive-1-335111be-4dfd-4d47-9d45-8dea95d1f55c
2025-10-04 13:08:07 | INFO | idempotency_lock | Lock acquired | idempotency_key=2e98a3879ce0a8c57aa2c69f6860821d86b52f5e772f4ffe1dc27a1bedf14dca
2025-10-04 13:08:07 | INFO | idempotency_lock | Released lock | idempotency_key=2e98a3879ce0a8c57aa2c69f6860821d86b52f5e772f4ffe1dc27a1bedf14dca
2025-10-04 13:14:54 | INFO | idempotency_lock | Lock acquired | idempotency_key=test-basic-db99d542-1988-485a-9240-328e4ffbd403
2025-10-04 13:14:55 | INFO | idempotency_lock | Released lock | idempotency_key=test-basic-db99d542-1988-485a-9240-328e4ffbd403
2025-10-04 13:14:55 | INFO | idempotency_lock | Lock acquired | idempotency_key=test-concurrent-735ddae1-0c5a-4147-83b9-b5a767dea8af
2025-10-04 13:14:55 | INFO | idempotency_lock | Released lock | idempotency_key=test-concurrent-735ddae1-0c5a-4147-83b9-b5a767dea8af
2025-10-04 13:14:55 | INFO | idempotency_lock | Lock acquired | idempotency_key=test-consecutive-1-233054db-e392-4e2b-9a11-2f5128256b09
2025-10-04 13:14:55 | INFO | idempotency_lock | Released lock | idempotency_key=test-consecutive-1-233054db-e392-4e2b-9a11-2f5128256b09
2025-10-04 13:14:55 | INFO | idempotency_lock | Lock acquired | idempotency_key=test-consecutive-2-4d93cbf1-d653-4ce5-a254-ddf47f861fb1
2025-10-04 13:14:55 | INFO | idempotency_lock | Released lock | idempotency_key=test-consecutive-2-4d93cbf1-d653-4ce5-a254-ddf47f861fb1
2025-10-04 13:14:55 | INFO | idempotency_lock | Lock acquired | idempotency_key=61472bc0ad8b8952fcd941345ff57fe7ac90f89d1146bf3aaf753483c7e4c970
2025-10-04 13:14:55 | INFO | idempotency_lock | Released lock | idempotency_key=61472bc0ad8b8952fcd941345ff57fe7ac90f89d1146bf3aaf753483c7e4c970
2025-10-04 13:15:01 | INFO | idempotency_lock | Lock acquired | idempotency_key=95ae89e8eca287cc31973705de1bc26b0236000a4f74111defe150eb8b0f1d7c
2025-10-04 13:15:01 | INFO | idempotency_lock | Released lock | idempotency_key=95ae89e8eca287cc31973705de1bc26b0236000a4f74111defe150eb8b0f1d7c
2025-10-04 13:15:01 | INFO | idempotency_lock | Lock acquired | idempotency_key=640656733cb097877f79795325236edfd980646725548b9d838b973da3db972a
2025-10-04 13:15:01 | INFO | idempotency_lock | Released lock | idempotency_key=640656733cb097877f79795325236edfd980646725548b9d838b973da3db972a
